{
  "RSpec": {
    "coverage": {
      "/Users/isaacalter/Desktop/programming_work/postTuring/magic_info/magic_info/config/environment.rb": {
        "lines": [
          null,
          1,
          null,
          null,
          1
        ]
      },
      "/Users/isaacalter/Desktop/programming_work/postTuring/magic_info/magic_info/config/application.rb": {
        "lines": [
          1,
          null,
          1,
          null,
          null,
          null,
          1,
          null,
          1,
          1,
          null,
          1,
          null,
          null,
          null,
          null,
          null,
          null,
          null,
          null,
          null,
          null,
          null,
          null,
          1,
          null,
          null
        ]
      },
      "/Users/isaacalter/Desktop/programming_work/postTuring/magic_info/magic_info/config/boot.rb": {
        "lines": [
          1,
          null,
          1,
          1
        ]
      },
      "/Users/isaacalter/Desktop/programming_work/postTuring/magic_info/magic_info/config/environments/test.rb": {
        "lines": [
          1,
          null,
          null,
          null,
          null,
          null,
          null,
          1,
          null,
          null,
          null,
          1,
          null,
          null,
          null,
          null,
          1,
          null,
          null,
          1,
          1,
          null,
          null,
          null,
          null,
          1,
          1,
          1,
          null,
          null,
          1,
          null,
          null,
          1,
          null,
          null,
          1,
          null,
          1,
          null,
          null,
          null,
          null,
          1,
          null,
          null,
          1,
          null,
          null,
          1,
          null,
          null,
          1,
          null,
          null,
          null,
          null,
          null,
          null,
          null
        ]
      },
      "/Users/isaacalter/Desktop/programming_work/postTuring/magic_info/magic_info/config/initializers/cors.rb": {
        "lines": [
          null,
          null,
          null,
          null,
          null,
          null,
          null,
          null,
          null,
          null,
          null,
          null,
          null,
          null,
          null,
          null
        ]
      },
      "/Users/isaacalter/Desktop/programming_work/postTuring/magic_info/magic_info/config/initializers/filter_parameter_logging.rb": {
        "lines": [
          null,
          null,
          null,
          null,
          null,
          1,
          null,
          null
        ]
      },
      "/Users/isaacalter/Desktop/programming_work/postTuring/magic_info/magic_info/config/initializers/inflections.rb": {
        "lines": [
          null,
          null,
          null,
          null,
          null,
          null,
          null,
          null,
          null,
          null,
          null,
          null,
          null,
          null,
          null,
          null
        ]
      },
      "/Users/isaacalter/Desktop/programming_work/postTuring/magic_info/magic_info/config/routes.rb": {
        "lines": [
          1,
          null,
          null,
          null,
          null,
          1,
          1,
          1,
          1,
          null,
          null,
          null,
          null
        ]
      },
      "/Users/isaacalter/Desktop/programming_work/postTuring/magic_info/magic_info/app/facades/card_facade.rb": {
        "lines": [
          1,
          1,
          null,
          1,
          8,
          8,
          null,
          null,
          null,
          1,
          6,
          null,
          null,
          null,
          1,
          4,
          null,
          null,
          null,
          null,
          1,
          10,
          null,
          10,
          6,
          6,
          4,
          4,
          4,
          null,
          null,
          null,
          null,
          null,
          1,
          4,
          null,
          44,
          null,
          null,
          null,
          null,
          null,
          null,
          null,
          null,
          null,
          1,
          1,
          10,
          null,
          null
        ]
      },
      "/Users/isaacalter/Desktop/programming_work/postTuring/magic_info/magic_info/app/services/card_service.rb": {
        "lines": [
          1,
          null,
          null,
          null,
          null,
          1,
          10,
          null,
          null,
          null,
          null,
          1,
          10,
          10,
          null,
          null,
          null,
          null,
          1,
          6,
          null,
          null,
          1,
          4,
          null,
          null
        ]
      }
    },
    "timestamp": 1695249148
  }
}
